2022-07-16 16:23:47 +0500
    Request: GET /tests?level=2
    Handler: TestsController#index
    Parameters: {"level"=>"2"}
    Response: 200 [text/html] tests/index.html.erb 

2022-07-16 16:31:37 +0500
    Request: GET /tests/102
    Handler: TestsController#show
    Parameters: {}
    Response: 200 [text/html]  

2022-07-16 16:34:07 +0500
    Request: GET /tests/102
    Handler: TestsController#show
    Parameters: {}
    Response: 200 [text/html]  

2022-07-16 16:34:27 +0500
    Request: GET /tests/102
    Handler: TestsController#show
    Parameters: {}
    Response: 200 [text/html]  

2022-07-16 16:35:36 +0500
    Request: GET /tests/102
    Handler: TestsController#show
    Parameters: {}
    Response: 200 [text/html]  

2022-07-16 16:36:44 +0500
    Request: GET /tests/102
    Handler: TestsController#show
    Parameters: {}
    Response: 200 [text/html]  

2022-07-16 16:38:11 +0500
    Request: GET /tests/102
    Handler: TestsController#show
    Parameters: {}
    Response: 200 [text/html]  

2022-07-16 16:46:56 +0500
    Request: GET /tests/102
    Handler: TestsController#show
    Parameters: {}
    Response: 200 [text/html]  

2022-07-16 16:48:05 +0500
    Request: GET /tests/102
    Handler: TestsController#show
    Parameters: {":id"=>"102"}
    Response: 200 [text/html]  

2022-07-16 16:48:38 +0500
    Request: GET /tests/101
    Handler: TestsController#show
    Parameters: {":id"=>"101"}
    Response: 200 [text/html]  

2022-07-16 16:48:50 +0500
    Request: GET /tests/101?level=2
    Handler: TestsController#show
    Parameters: {":id"=>"101", "level"=>"2"}
    Response: 200 [text/html]  

